Arguments: 
  C:\Program Files\nodejs\node.exe C:\Users\qkrdy\AppData\Roaming\npm\node_modules\yarn\bin\yarn.js init

PATH: 
  C:\WINDOWS\system32;C:\WINDOWS;C:\Program Files\MySQL\MySQL Server 8.0\bin;C:\Program Files\nodejs;C:\Program Files\nodejs\;C:\WINDOWS\system32\WindowsPowerShell\v1.0;C:\Program Files\Git\bin\;C:\Program Files\Git\cmd\;C:\Program Files\MySQL\MySQL Shell 8.0\bin\;C:\Users\qkrdy\AppData\Local\Programs\Python\Python37\Scripts\;C:\Users\qkrdy\AppData\Local\Programs\Python\Python37\;C:\cocos2d-x-3.17.2\templates;C:\cocos2d-x-3.17.2\tools\cocos2d-console\bin;C:\Users\qkrdy\AppData\Local\Microsoft\WindowsApps;C:\Users\qkrdy\AppData\Local\atom\bin;C:\Users\qkrdy\AppData\Local\GitHubDesktop\bin;C:\Program Files\JetBrains\PyCharm Community Edition 2019.1.3\bin;C:\Users\qkrdy\AppData\Local\Programs\Microsoft VS Code\bin;C:\Users\qkrdy\AppData\Local\Yarn\bin;C:\Users\qkrdy\AppData\Local\Microsoft\WindowsApps;C:\Users\qkrdy\.dotnet\tools;C:\Users\qkrdy\AppData\Roaming\npm

Yarn version: 
  1.22.5

Node version: 
  12.18.3

Platform: 
  win32 x64

Trace: 
  Error: canceled
      at Interface.<anonymous> (C:\Users\qkrdy\AppData\Roaming\npm\node_modules\yarn\lib\cli.js:136216:13)
      at Interface.emit (events.js:315:20)
      at Interface._ttyWrite (readline.js:868:16)
      at ReadStream.onkeypress (readline.js:205:10)
      at ReadStream.emit (events.js:315:20)
      at emitKeys (internal/readline/utils.js:335:14)
      at emitKeys.next (<anonymous>)
      at ReadStream.onData (readline.js:1137:36)
      at ReadStream.emit (events.js:315:20)
      at addChunk (_stream_readable.js:295:12)

npm manifest: 
  No manifest

yarn manifest: 
  No manifest

Lockfile: 
  No lockfile
